

--- [2025-12-30T00:06:48.081Z] NEW STREAM START ---
[RAW CHUNK RECEIVED] len=334, content=data: {"event_data":"{\"message_id\":\"34395572402755330\",\"local_message_id\":\"6ec92260-e513-11f0-ad05-91115ce5717a\",\"conversation_id\":\"34413029900012802\",\"local_conversation_id\":\"local_5787259324070096\",\"section_id\":\"34413029900013058\",\"message_index\":1,\"conversation_type\":5}","event_id":"0","event_type":2002}


[REGEX MATCH SUCCESS] Found ID: 34413029900012802
[FEEDING PARSER]...
[EVENT] ID: undefined, Type: other, Data Snippet: {"event_data":"{\"message_id\":\"34395572402755330\",\"local_message_id\":\"6ec92260-e513-11f0-ad05-91115ce5717a\",\"conversation_id\":\"3441302990001...
[RAW CHUNK RECEIVED] len=1128, content=data: {"event_data":"{\"message\":{\"content_type\":2001,\"content\":\"{\\\"text\\\":\\\"我\\\"}\",\"id\":\"c968146a-2f42-4ff5-a7ba-c6de8963b726\"},\"message_id\":\"34395572402755586\",\"local_message_id\":\"6ec92260-e513-11f0-ad05-91115ce5717a\",\"conversation_id\":\"34413029900012802\",\"local_conversation_id\":\"local_5787259324070096\",\"section_id\":\"34413029900013058\",\"reply_id\":\"34395572402755330\",\"is_delta\":true,\"status\":4,\"input_content_type\":2020,\"message_index\":2,\"bot_id\":\"7338286299411103781\"}","event_id":"1","event_type":2001}

data: {"event_data":"{\"message\":{\"content_type\":2001,\"content\":\"{\\\"text\\\":\\\"将\\\"}\",\"id\":\"c968146a-2f42-4ff5-a7ba-c6de8963b726\"},\"message_id\":\"34395572402755586\",\"local_message_id\":\"6ec92260-e513-11f0-ad05-91115ce5717a\",\"conversation_id\":\"34413029900012802\",\"local_conversation_id\":\"local_5787259324070096\",\"section_id\":\"34413029900013058\",\"reply_id\":\"34395572402755330\",\"is_delta\":true,\"status\":4,\"input_content_type\":2020,\"message_index\":2,\"bot_id\":\"7338286299411103781\"}","event_id":"2","event_type":2001}


[REGEX MATCH SUCCESS] Found ID: 34413029900012802
[FEEDING PARSER]...
[EVENT] ID: undefined, Type: 2001, Data Snippet: {"event_data":"{\"message\":{\"content_type\":2001,\"content\":\"{\\\"text\\\":\\\"我\\\"}\",\"id\":\"c968146a-2f42-4ff5-a7ba-c6de8963b726\"},\"message...
[EVENT] ID: undefined, Type: 2001, Data Snippet: {"event_data":"{\"message\":{\"content_type\":2001,\"content\":\"{\\\"text\\\":\\\"将\\\"}\",\"id\":\"c968146a-2f42-4ff5-a7ba-c6de8963b726\"},\"message...
[RAW CHUNK RECEIVED] len=565, content=data: {"event_data":"{\"message\":{\"content_type\":2001,\"content\":\"{\\\"text\\\":\\\"根据\\\"}\",\"id\":\"c968146a-2f42-4ff5-a7ba-c6de8963b726\"},\"message_id\":\"34395572402755586\",\"local_message_id\":\"6ec92260-e513-11f0-ad05-91115ce5717a\",\"conversation_id\":\"34413029900012802\",\"local_conversation_id\":\"local_5787259324070096\",\"section_id\":\"34413029900013058\",\"reply_id\":\"34395572402755330\",\"is_delta\":true,\"status\":4,\"input_content_type\":2020,\"message_index\":2,\"bot_id\":\"7338286299411103781\"}","event_id":"3","event_type":2001}


[REGEX MATCH SUCCESS] Found ID: 34413029900012802
[FEEDING PARSER]...
[EVENT] ID: undefined, Type: 2001, Data Snippet: {"event_data":"{\"message\":{\"content_type\":2001,\"content\":\"{\\\"text\\\":\\\"根据\\\"}\",\"id\":\"c968146a-2f42-4ff5-a7ba-c6de8963b726\"},\"messag...
[RAW CHUNK RECEIVED] len=564, content=data: {"event_data":"{\"message\":{\"content_type\":2001,\"content\":\"{\\\"text\\\":\\\"你\\\"}\",\"id\":\"c968146a-2f42-4ff5-a7ba-c6de8963b726\"},\"message_id\":\"34395572402755586\",\"local_message_id\":\"6ec92260-e513-11f0-ad05-91115ce5717a\",\"conversation_id\":\"34413029900012802\",\"local_conversation_id\":\"local_5787259324070096\",\"section_id\":\"34413029900013058\",\"reply_id\":\"34395572402755330\",\"is_delta\":true,\"status\":4,\"input_content_type\":2020,\"message_index\":2,\"bot_id\":\"7338286299411103781\"}","event_id":"4","event_type":2001}


[REGEX MATCH SUCCESS] Found ID: 34413029900012802
[FEEDING PARSER]...
[EVENT] ID: undefined, Type: 2001, Data Snippet: {"event_data":"{\"message\":{\"content_type\":2001,\"content\":\"{\\\"text\\\":\\\"你\\\"}\",\"id\":\"c968146a-2f42-4ff5-a7ba-c6de8963b726\"},\"message...
[RAW CHUNK RECEIVED] len=2259, content=data: {"event_data":"{\"message\":{\"content_type\":2001,\"content\":\"{\\\"text\\\":\\\"描述\\\"}\",\"id\":\"c968146a-2f42-4ff5-a7ba-c6de8963b726\"},\"message_id\":\"34395572402755586\",\"local_message_id\":\"6ec92260-e513-11f0-ad05-91115ce5717a\",\"conversation_id\":\"34413029900012802\",\"local_conversation_id\":\"local_5787259324070096\",\"section_id\":\"34413029900013058\",\"reply_id\":\"34395572402755330\",\"is_delta\":true,\"status\":4,\"input_content_type\":2020,\"message_index\":2,\"bot_id\":\"7338286299411103781\"}","event_id":"5","event_type":2001}

data: {"event_data":"{\"message\":{\"content_type\":2001,\"content\":\"{\\\"text\\\":\\\"的\\\"}\",\"id\":\"c968146a-2f42-4ff5-a7ba-c6de8963b726\"},\"message_id\":\"34395572402755586\",\"local_message_id\":\"6ec92260-e513-11f0-ad05-91115ce5717a\",\"conversation_id\":\"34413029900012802\",\"local_conversation_id\":\"local_5787259324070096\",\"section_id\":\"34413029900013058\",\"reply_id\":\"34395572402755330\",\"is_delta\":true,\"status\":4,\"input_content_type\":2020,\"message_index\":2,\"bot_id\":\"7338286299411103781\"}","event_id":"6","event_type":2001}

data: {"event_data":"{\"message\":{\"content_type\":2001,\"content\":\"{\\\"text\\\":\\\"场景\\\"}\",\"id\":\"c968146a-2f42-4ff5-a7ba-c6de8963b726\"},\"message_id\":\"34395572402755586\",\"local_message_id\":\"6ec92260-e513-11f0-ad05-91115ce5717a\",\"conversation_id\":\"34413029900012802\",\"local_conversation_id\":\"local_5787259324070096\",\"section_id\":\"34413029900013058\",\"reply_id\":\"34395572402755330\",\"is_delta\":true,\"status\":4,\"input_content_type\":2020,\"message_index\":2,\"bot_id\":\"7338286299411103781\"}","event_id":"7","event_type":2001}

data: {"event_data":"{\"message\":{\"content_type\":2001,\"content\":\"{\\\"text\\\":\\\"生成\\\"}\",\"id\":\"c968146a-2f42-4ff5-a7ba-c6de8963b726\"},\"message_id\":\"34395572402755586\",\"local_message_id\":\"6ec92260-e513-11f0-ad05-91115ce5717a\",\"conversation_id\":\"34413029900012802\",\"local_conversation_id\":\"local_5787259324070096\",\"section_id\":\"34413029900013058\",\"reply_id\":\"34395572402755330\",\"is_delta\":true,\"status\":4,\"input_content_type\":2020,\"message_index\":2,\"bot_id\":\"7338286299411103781\"}","event_id":"8","event_type":2001}


[REGEX MATCH SUCCESS] Found ID: 34413029900012802
[FEEDING PARSER]...
[EVENT] ID: undefined, Type: 2001, Data Snippet: {"event_data":"{\"message\":{\"content_type\":2001,\"content\":\"{\\\"text\\\":\\\"描述\\\"}\",\"id\":\"c968146a-2f42-4ff5-a7ba-c6de8963b726\"},\"messag...
[EVENT] ID: undefined, Type: 2001, Data Snippet: {"event_data":"{\"message\":{\"content_type\":2001,\"content\":\"{\\\"text\\\":\\\"的\\\"}\",\"id\":\"c968146a-2f42-4ff5-a7ba-c6de8963b726\"},\"message...
[EVENT] ID: undefined, Type: 2001, Data Snippet: {"event_data":"{\"message\":{\"content_type\":2001,\"content\":\"{\\\"text\\\":\\\"场景\\\"}\",\"id\":\"c968146a-2f42-4ff5-a7ba-c6de8963b726\"},\"messag...
[EVENT] ID: undefined, Type: 2001, Data Snippet: {"event_data":"{\"message\":{\"content_type\":2001,\"content\":\"{\\\"text\\\":\\\"生成\\\"}\",\"id\":\"c968146a-2f42-4ff5-a7ba-c6de8963b726\"},\"messag...
[RAW CHUNK RECEIVED] len=565, content=data: {"event_data":"{\"message\":{\"content_type\":2001,\"content\":\"{\\\"text\\\":\\\"视频\\\"}\",\"id\":\"c968146a-2f42-4ff5-a7ba-c6de8963b726\"},\"message_id\":\"34395572402755586\",\"local_message_id\":\"6ec92260-e513-11f0-ad05-91115ce5717a\",\"conversation_id\":\"34413029900012802\",\"local_conversation_id\":\"local_5787259324070096\",\"section_id\":\"34413029900013058\",\"reply_id\":\"34395572402755330\",\"is_delta\":true,\"status\":4,\"input_content_type\":2020,\"message_index\":2,\"bot_id\":\"7338286299411103781\"}","event_id":"9","event_type":2001}


[REGEX MATCH SUCCESS] Found ID: 34413029900012802
[FEEDING PARSER]...
[EVENT] ID: undefined, Type: 2001, Data Snippet: {"event_data":"{\"message\":{\"content_type\":2001,\"content\":\"{\\\"text\\\":\\\"视频\\\"}\",\"id\":\"c968146a-2f42-4ff5-a7ba-c6de8963b726\"},\"messag...
[RAW CHUNK RECEIVED] len=565, content=data: {"event_data":"{\"message\":{\"content_type\":2001,\"content\":\"{\\\"text\\\":\\\"。\\\"}\",\"id\":\"c968146a-2f42-4ff5-a7ba-c6de8963b726\"},\"message_id\":\"34395572402755586\",\"local_message_id\":\"6ec92260-e513-11f0-ad05-91115ce5717a\",\"conversation_id\":\"34413029900012802\",\"local_conversation_id\":\"local_5787259324070096\",\"section_id\":\"34413029900013058\",\"reply_id\":\"34395572402755330\",\"is_delta\":true,\"status\":4,\"input_content_type\":2020,\"message_index\":2,\"bot_id\":\"7338286299411103781\"}","event_id":"10","event_type":2001}


[REGEX MATCH SUCCESS] Found ID: 34413029900012802
[FEEDING PARSER]...
[EVENT] ID: undefined, Type: 2001, Data Snippet: {"event_data":"{\"message\":{\"content_type\":2001,\"content\":\"{\\\"text\\\":\\\"。\\\"}\",\"id\":\"c968146a-2f42-4ff5-a7ba-c6de8963b726\"},\"message...
[RAW CHUNK RECEIVED] len=574, content=data: {"event_data":"{\"message\":{\"content_type\":2001,\"content\":\"{\\\"text\\\":\\\"\\\\n\\\\n\\\"}\",\"id\":\"c968146a-2f42-4ff5-a7ba-c6de8963b726\"},\"message_id\":\"34395572402755586\",\"local_message_id\":\"6ec92260-e513-11f0-ad05-91115ce5717a\",\"conversation_id\":\"34413029900012802\",\"local_conversation_id\":\"local_5787259324070096\",\"section_id\":\"34413029900013058\",\"reply_id\":\"34395572402755330\",\"is_delta\":true,\"status\":4,\"input_content_type\":2020,\"message_index\":2,\"bot_id\":\"7338286299411103781\"}","event_id":"11","event_type":2001}


[REGEX MATCH SUCCESS] Found ID: 34413029900012802
[FEEDING PARSER]...
[EVENT] ID: undefined, Type: 2001, Data Snippet: {"event_data":"{\"message\":{\"content_type\":2001,\"content\":\"{\\\"text\\\":\\\"\\\\n\\\\n\\\"}\",\"id\":\"c968146a-2f42-4ff5-a7ba-c6de8963b726\"},...
[RAW CHUNK RECEIVED] len=606, content=data: {"event_data":"{\"message\":{\"content_type\":2001,\"content\":\"{\\\"text\\\":\\\"视频生成大约需要1-3分钟，生成好后我会主动发送给你，今日剩余 6 个视频生成额度。\\\"}\",\"id\":\"c968146a-2f42-4ff5-a7ba-c6de8963b726\"},\"message_id\":\"34395572402755586\",\"local_message_id\":\"6ec92260-e513-11f0-ad05-91115ce5717a\",\"conversation_id\":\"34413029900012802\",\"local_conversation_id\":\"local_5787259324070096\",\"section_id\":\"34413029900013058\",\"reply_id\":\"34395572402755330\",\"is_delta\":true,\"status\":4,\"input_content_type\":2020,\"message_index\":2,\"bot_id\":\"7338286299411103781\"}","event_id":"12","event_type":2001}


[REGEX MATCH SUCCESS] Found ID: 34413029900012802
[FEEDING PARSER]...
[EVENT] ID: undefined, Type: 2001, Data Snippet: {"event_data":"{\"message\":{\"content_type\":2001,\"content\":\"{\\\"text\\\":\\\"视频生成大约需要1-3分钟，生成好后我会主动发送给你，今日剩余 6 个视频生成额度。\\\"}\",\"id\":\"c968146a...
[RAW CHUNK RECEIVED] len=672, content=data: {"event_data":"{\"message\":{\"content_type\":2001,\"content\":\"{}\",\"id\":\"c968146a-2f42-4ff5-a7ba-c6de8963b726\"},\"message_id\":\"34395572402755586\",\"local_message_id\":\"6ec92260-e513-11f0-ad05-91115ce5717a\",\"conversation_id\":\"34413029900012802\",\"local_conversation_id\":\"local_5787259324070096\",\"section_id\":\"34413029900013058\",\"reply_id\":\"34395572402755330\",\"is_delta\":true,\"status\":1,\"is_finish\":true,\"message_action_bar\":{},\"input_content_type\":2020,\"message_index\":2,\"bot_id\":\"7338286299411103781\",\"tts_content\":\"我将根据你描述的场景生成视频。\\n\\n视频生成大约需要1-3分钟，生成好后我会主动发送给你，今日剩余 6 个视频生成额度。\"}","event_id":"13","event_type":2001}


[REGEX MATCH SUCCESS] Found ID: 34413029900012802
[FEEDING PARSER]...
[EVENT] ID: undefined, Type: 2001, Data Snippet: {"event_data":"{\"message\":{\"content_type\":2001,\"content\":\"{}\",\"id\":\"c968146a-2f42-4ff5-a7ba-c6de8963b726\"},\"message_id\":\"34395572402755...
[FINALIZE] Final ID: 34413029900012802, Videos Count: 0
[RAW CHUNK RECEIVED] len=61, content=data: {"event_data":"{}","event_id":"14","event_type":2003}


[REGEX MATCH FAIL] This chunk contains no ID
[FEEDING PARSER]...
[STREAM CLOSED]
[FINALIZE] Final ID: 34413029900012802, Videos Count: 0


--- [2025-12-30T17:27:56.998Z] NEW STREAM START ---
[RAW CHUNK RECEIVED] len=184, content=event: gateway-error
data: {"code":"Internal","message":"ErrorX:code=710012000 stable=true isPeer=false peerStable=false message=[user invalid]\nchain=[\n(cause)0: Invalid User ID\n]"}
[REGEX MATCH FAIL] This chunk contains no ID
[FEEDING PARSER]...
[RAW CHUNK RECEIVED] len=2, content=


[REGEX MATCH FAIL] This chunk contains no ID
[FEEDING PARSER]...
[EVENT] ID: undefined, Type: other, Data Snippet: {"code":"Internal","message":"ErrorX:code=710012000 stable=true isPeer=false peerStable=false message=[user invalid]\nchain=[\n(cause)0: Invalid User ...
[PARSER ERROR] [请求doubao失败]: Internal-ErrorX:code=710012000 stable=true isPeer=false peerStable=false message=[user invalid]
chain=[
(cause)0: Invalid User ID
]
[STREAM CLOSED]
[FINALIZE] Final ID: , Videos Count: 0


--- [2025-12-30T17:31:14.213Z] NEW STREAM START ---
[RAW CHUNK RECEIVED] len=334, content=data: {"event_data":"{\"message_id\":\"34503202769325058\",\"local_message_id\":\"56bbd400-e5a5-11f0-9a5a-d3f415ff2171\",\"conversation_id\":\"34506575725319426\",\"local_conversation_id\":\"local_2044614433538239\",\"section_id\":\"34506575725319682\",\"message_index\":1,\"conversation_type\":5}","event_id":"0","event_type":2002}


[REGEX MATCH SUCCESS] Found ID: 34506575725319426
[FEEDING PARSER]...
[EVENT] ID: undefined, Type: other, Data Snippet: {"event_data":"{\"message_id\":\"34503202769325058\",\"local_message_id\":\"56bbd400-e5a5-11f0-9a5a-d3f415ff2171\",\"conversation_id\":\"3450657572531...
[RAW CHUNK RECEIVED] len=1128, content=data: {"event_data":"{\"message\":{\"content_type\":2001,\"content\":\"{\\\"text\\\":\\\"我\\\"}\",\"id\":\"3b1f1591-ad36-459c-a00a-b92797a3068f\"},\"message_id\":\"34503202769325314\",\"local_message_id\":\"56bbd400-e5a5-11f0-9a5a-d3f415ff2171\",\"conversation_id\":\"34506575725319426\",\"local_conversation_id\":\"local_2044614433538239\",\"section_id\":\"34506575725319682\",\"reply_id\":\"34503202769325058\",\"is_delta\":true,\"status\":4,\"input_content_type\":2020,\"message_index\":2,\"bot_id\":\"7338286299411103781\"}","event_id":"1","event_type":2001}

data: {"event_data":"{\"message\":{\"content_type\":2001,\"content\":\"{\\\"text\\\":\\\"将\\\"}\",\"id\":\"3b1f1591-ad36-459c-a00a-b92797a3068f\"},\"message_id\":\"34503202769325314\",\"local_message_id\":\"56bbd400-e5a5-11f0-9a5a-d3f415ff2171\",\"conversation_id\":\"34506575725319426\",\"local_conversation_id\":\"local_2044614433538239\",\"section_id\":\"34506575725319682\",\"reply_id\":\"34503202769325058\",\"is_delta\":true,\"status\":4,\"input_content_type\":2020,\"message_index\":2,\"bot_id\":\"7338286299411103781\"}","event_id":"2","event_type":2001}


[REGEX MATCH SUCCESS] Found ID: 34506575725319426
[FEEDING PARSER]...
[EVENT] ID: undefined, Type: 2001, Data Snippet: {"event_data":"{\"message\":{\"content_type\":2001,\"content\":\"{\\\"text\\\":\\\"我\\\"}\",\"id\":\"3b1f1591-ad36-459c-a00a-b92797a3068f\"},\"message...
[EVENT] ID: undefined, Type: 2001, Data Snippet: {"event_data":"{\"message\":{\"content_type\":2001,\"content\":\"{\\\"text\\\":\\\"将\\\"}\",\"id\":\"3b1f1591-ad36-459c-a00a-b92797a3068f\"},\"message...
[RAW CHUNK RECEIVED] len=565, content=data: {"event_data":"{\"message\":{\"content_type\":2001,\"content\":\"{\\\"text\\\":\\\"按照\\\"}\",\"id\":\"3b1f1591-ad36-459c-a00a-b92797a3068f\"},\"message_id\":\"34503202769325314\",\"local_message_id\":\"56bbd400-e5a5-11f0-9a5a-d3f415ff2171\",\"conversation_id\":\"34506575725319426\",\"local_conversation_id\":\"local_2044614433538239\",\"section_id\":\"34506575725319682\",\"reply_id\":\"34503202769325058\",\"is_delta\":true,\"status\":4,\"input_content_type\":2020,\"message_index\":2,\"bot_id\":\"7338286299411103781\"}","event_id":"3","event_type":2001}


[REGEX MATCH SUCCESS] Found ID: 34506575725319426
[FEEDING PARSER]...
[EVENT] ID: undefined, Type: 2001, Data Snippet: {"event_data":"{\"message\":{\"content_type\":2001,\"content\":\"{\\\"text\\\":\\\"按照\\\"}\",\"id\":\"3b1f1591-ad36-459c-a00a-b92797a3068f\"},\"messag...
[RAW CHUNK RECEIVED] len=1130, content=data: {"event_data":"{\"message\":{\"content_type\":2001,\"content\":\"{\\\"text\\\":\\\"你的\\\"}\",\"id\":\"3b1f1591-ad36-459c-a00a-b92797a3068f\"},\"message_id\":\"34503202769325314\",\"local_message_id\":\"56bbd400-e5a5-11f0-9a5a-d3f415ff2171\",\"conversation_id\":\"34506575725319426\",\"local_conversation_id\":\"local_2044614433538239\",\"section_id\":\"34506575725319682\",\"reply_id\":\"34503202769325058\",\"is_delta\":true,\"status\":4,\"input_content_type\":2020,\"message_index\":2,\"bot_id\":\"7338286299411103781\"}","event_id":"4","event_type":2001}

data: {"event_data":"{\"message\":{\"content_type\":2001,\"content\":\"{\\\"text\\\":\\\"需求\\\"}\",\"id\":\"3b1f1591-ad36-459c-a00a-b92797a3068f\"},\"message_id\":\"34503202769325314\",\"local_message_id\":\"56bbd400-e5a5-11f0-9a5a-d3f415ff2171\",\"conversation_id\":\"34506575725319426\",\"local_conversation_id\":\"local_2044614433538239\",\"section_id\":\"34506575725319682\",\"reply_id\":\"34503202769325058\",\"is_delta\":true,\"status\":4,\"input_content_type\":2020,\"message_index\":2,\"bot_id\":\"7338286299411103781\"}","event_id":"5","event_type":2001}


[REGEX MATCH SUCCESS] Found ID: 34506575725319426
[FEEDING PARSER]...
[EVENT] ID: undefined, Type: 2001, Data Snippet: {"event_data":"{\"message\":{\"content_type\":2001,\"content\":\"{\\\"text\\\":\\\"你的\\\"}\",\"id\":\"3b1f1591-ad36-459c-a00a-b92797a3068f\"},\"messag...
[EVENT] ID: undefined, Type: 2001, Data Snippet: {"event_data":"{\"message\":{\"content_type\":2001,\"content\":\"{\\\"text\\\":\\\"需求\\\"}\",\"id\":\"3b1f1591-ad36-459c-a00a-b92797a3068f\"},\"messag...
[RAW CHUNK RECEIVED] len=565, content=data: {"event_data":"{\"message\":{\"content_type\":2001,\"content\":\"{\\\"text\\\":\\\"生成\\\"}\",\"id\":\"3b1f1591-ad36-459c-a00a-b92797a3068f\"},\"message_id\":\"34503202769325314\",\"local_message_id\":\"56bbd400-e5a5-11f0-9a5a-d3f415ff2171\",\"conversation_id\":\"34506575725319426\",\"local_conversation_id\":\"local_2044614433538239\",\"section_id\":\"34506575725319682\",\"reply_id\":\"34503202769325058\",\"is_delta\":true,\"status\":4,\"input_content_type\":2020,\"message_index\":2,\"bot_id\":\"7338286299411103781\"}","event_id":"6","event_type":2001}


[REGEX MATCH SUCCESS] Found ID: 34506575725319426
[FEEDING PARSER]...
[EVENT] ID: undefined, Type: 2001, Data Snippet: {"event_data":"{\"message\":{\"content_type\":2001,\"content\":\"{\\\"text\\\":\\\"生成\\\"}\",\"id\":\"3b1f1591-ad36-459c-a00a-b92797a3068f\"},\"messag...
[RAW CHUNK RECEIVED] len=565, content=data: {"event_data":"{\"message\":{\"content_type\":2001,\"content\":\"{\\\"text\\\":\\\"一段\\\"}\",\"id\":\"3b1f1591-ad36-459c-a00a-b92797a3068f\"},\"message_id\":\"34503202769325314\",\"local_message_id\":\"56bbd400-e5a5-11f0-9a5a-d3f415ff2171\",\"conversation_id\":\"34506575725319426\",\"local_conversation_id\":\"local_2044614433538239\",\"section_id\":\"34506575725319682\",\"reply_id\":\"34503202769325058\",\"is_delta\":true,\"status\":4,\"input_content_type\":2020,\"message_index\":2,\"bot_id\":\"7338286299411103781\"}","event_id":"7","event_type":2001}


[REGEX MATCH SUCCESS] Found ID: 34506575725319426
[FEEDING PARSER]...
[EVENT] ID: undefined, Type: 2001, Data Snippet: {"event_data":"{\"message\":{\"content_type\":2001,\"content\":\"{\\\"text\\\":\\\"一段\\\"}\",\"id\":\"3b1f1591-ad36-459c-a00a-b92797a3068f\"},\"messag...
[RAW CHUNK RECEIVED] len=565, content=data: {"event_data":"{\"message\":{\"content_type\":2001,\"content\":\"{\\\"text\\\":\\\"海浪\\\"}\",\"id\":\"3b1f1591-ad36-459c-a00a-b92797a3068f\"},\"message_id\":\"34503202769325314\",\"local_message_id\":\"56bbd400-e5a5-11f0-9a5a-d3f415ff2171\",\"conversation_id\":\"34506575725319426\",\"local_conversation_id\":\"local_2044614433538239\",\"section_id\":\"34506575725319682\",\"reply_id\":\"34503202769325058\",\"is_delta\":true,\"status\":4,\"input_content_type\":2020,\"message_index\":2,\"bot_id\":\"7338286299411103781\"}","event_id":"8","event_type":2001}


[REGEX MATCH SUCCESS] Found ID: 34506575725319426
[FEEDING PARSER]...
[EVENT] ID: undefined, Type: 2001, Data Snippet: {"event_data":"{\"message\":{\"content_type\":2001,\"content\":\"{\\\"text\\\":\\\"海浪\\\"}\",\"id\":\"3b1f1591-ad36-459c-a00a-b92797a3068f\"},\"messag...
[RAW CHUNK RECEIVED] len=565, content=data: {"event_data":"{\"message\":{\"content_type\":2001,\"content\":\"{\\\"text\\\":\\\"拍打\\\"}\",\"id\":\"3b1f1591-ad36-459c-a00a-b92797a3068f\"},\"message_id\":\"34503202769325314\",\"local_message_id\":\"56bbd400-e5a5-11f0-9a5a-d3f415ff2171\",\"conversation_id\":\"34506575725319426\",\"local_conversation_id\":\"local_2044614433538239\",\"section_id\":\"34506575725319682\",\"reply_id\":\"34503202769325058\",\"is_delta\":true,\"status\":4,\"input_content_type\":2020,\"message_index\":2,\"bot_id\":\"7338286299411103781\"}","event_id":"9","event_type":2001}


[REGEX MATCH SUCCESS] Found ID: 34506575725319426
[FEEDING PARSER]...
[EVENT] ID: undefined, Type: 2001, Data Snippet: {"event_data":"{\"message\":{\"content_type\":2001,\"content\":\"{\\\"text\\\":\\\"拍打\\\"}\",\"id\":\"3b1f1591-ad36-459c-a00a-b92797a3068f\"},\"messag...
[RAW CHUNK RECEIVED] len=6, content=data: 
[REGEX MATCH FAIL] This chunk contains no ID
[FEEDING PARSER]...
[RAW CHUNK RECEIVED] len=2256, content={"event_data":"{\"message\":{\"content_type\":2001,\"content\":\"{\\\"text\\\":\\\"沙滩\\\"}\",\"id\":\"3b1f1591-ad36-459c-a00a-b92797a3068f\"},\"message_id\":\"34503202769325314\",\"local_message_id\":\"56bbd400-e5a5-11f0-9a5a-d3f415ff2171\",\"conversation_id\":\"34506575725319426\",\"local_conversation_id\":\"local_2044614433538239\",\"section_id\":\"34506575725319682\",\"reply_id\":\"34503202769325058\",\"is_delta\":true,\"status\":4,\"input_content_type\":2020,\"message_index\":2,\"bot_id\":\"7338286299411103781\"}","event_id":"10","event_type":2001}

data: {"event_data":"{\"message\":{\"content_type\":2001,\"content\":\"{\\\"text\\\":\\\"、\\\"}\",\"id\":\"3b1f1591-ad36-459c-a00a-b92797a3068f\"},\"message_id\":\"34503202769325314\",\"local_message_id\":\"56bbd400-e5a5-11f0-9a5a-d3f415ff2171\",\"conversation_id\":\"34506575725319426\",\"local_conversation_id\":\"local_2044614433538239\",\"section_id\":\"34506575725319682\",\"reply_id\":\"34503202769325058\",\"is_delta\":true,\"status\":4,\"input_content_type\":2020,\"message_index\":2,\"bot_id\":\"7338286299411103781\"}","event_id":"11","event_type":2001}

data: {"event_data":"{\"message\":{\"content_type\":2001,\"content\":\"{\\\"text\\\":\\\"夕阳\\\"}\",\"id\":\"3b1f1591-ad36-459c-a00a-b92797a3068f\"},\"message_id\":\"34503202769325314\",\"local_message_id\":\"56bbd400-e5a5-11f0-9a5a-d3f415ff2171\",\"conversation_id\":\"34506575725319426\",\"local_conversation_id\":\"local_2044614433538239\",\"section_id\":\"34506575725319682\",\"reply_id\":\"34503202769325058\",\"is_delta\":true,\"status\":4,\"input_content_type\":2020,\"message_index\":2,\"bot_id\":\"7338286299411103781\"}","event_id":"12","event_type":2001}

data: {"event_data":"{\"message\":{\"content_type\":2001,\"content\":\"{\\\"text\\\":\\\"西\\\"}\",\"id\":\"3b1f1591-ad36-459c-a00a-b92797a3068f\"},\"message_id\":\"34503202769325314\",\"local_message_id\":\"56bbd400-e5a5-11f0-9a5a-d3f415ff2171\",\"conversation_id\":\"34506575725319426\",\"local_conversation_id\":\"local_2044614433538239\",\"section_id\":\"34506575725319682\",\"reply_id\":\"34503202769325058\",\"is_delta\":true,\"status\":4,\"input_content_type\":2020,\"message_index\":2,\"bot_id\":\"7338286299411103781\"}","event_id":"13","event_type":2001}


[REGEX MATCH SUCCESS] Found ID: 34506575725319426
[FEEDING PARSER]...
[EVENT] ID: undefined, Type: 2001, Data Snippet: {"event_data":"{\"message\":{\"content_type\":2001,\"content\":\"{\\\"text\\\":\\\"沙滩\\\"}\",\"id\":\"3b1f1591-ad36-459c-a00a-b92797a3068f\"},\"messag...
[EVENT] ID: undefined, Type: 2001, Data Snippet: {"event_data":"{\"message\":{\"content_type\":2001,\"content\":\"{\\\"text\\\":\\\"、\\\"}\",\"id\":\"3b1f1591-ad36-459c-a00a-b92797a3068f\"},\"message...
[EVENT] ID: undefined, Type: 2001, Data Snippet: {"event_data":"{\"message\":{\"content_type\":2001,\"content\":\"{\\\"text\\\":\\\"夕阳\\\"}\",\"id\":\"3b1f1591-ad36-459c-a00a-b92797a3068f\"},\"messag...
[EVENT] ID: undefined, Type: 2001, Data Snippet: {"event_data":"{\"message\":{\"content_type\":2001,\"content\":\"{\\\"text\\\":\\\"西\\\"}\",\"id\":\"3b1f1591-ad36-459c-a00a-b92797a3068f\"},\"message...
[RAW CHUNK RECEIVED] len=1696, content=data: {"event_data":"{\"message\":{\"content_type\":2001,\"content\":\"{\\\"text\\\":\\\"下\\\"}\",\"id\":\"3b1f1591-ad36-459c-a00a-b92797a3068f\"},\"message_id\":\"34503202769325314\",\"local_message_id\":\"56bbd400-e5a5-11f0-9a5a-d3f415ff2171\",\"conversation_id\":\"34506575725319426\",\"local_conversation_id\":\"local_2044614433538239\",\"section_id\":\"34506575725319682\",\"reply_id\":\"34503202769325058\",\"is_delta\":true,\"status\":4,\"input_content_type\":2020,\"message_index\":2,\"bot_id\":\"7338286299411103781\"}","event_id":"14","event_type":2001}

data: {"event_data":"{\"message\":{\"content_type\":2001,\"content\":\"{\\\"text\\\":\\\"的\\\"}\",\"id\":\"3b1f1591-ad36-459c-a00a-b92797a3068f\"},\"message_id\":\"34503202769325314\",\"local_message_id\":\"56bbd400-e5a5-11f0-9a5a-d3f415ff2171\",\"conversation_id\":\"34506575725319426\",\"local_conversation_id\":\"local_2044614433538239\",\"section_id\":\"34506575725319682\",\"reply_id\":\"34503202769325058\",\"is_delta\":true,\"status\":4,\"input_content_type\":2020,\"message_index\":2,\"bot_id\":\"7338286299411103781\"}","event_id":"15","event_type":2001}

data: {"event_data":"{\"message\":{\"content_type\":2001,\"content\":\"{\\\"text\\\":\\\"高清\\\"}\",\"id\":\"3b1f1591-ad36-459c-a00a-b92797a3068f\"},\"message_id\":\"34503202769325314\",\"local_message_id\":\"56bbd400-e5a5-11f0-9a5a-d3f415ff2171\",\"conversation_id\":\"34506575725319426\",\"local_conversation_id\":\"local_2044614433538239\",\"section_id\":\"34506575725319682\",\"reply_id\":\"34503202769325058\",\"is_delta\":true,\"status\":4,\"input_content_type\":2020,\"message_index\":2,\"bot_id\":\"7338286299411103781\"}","event_id":"16","event_type":2001}


[REGEX MATCH SUCCESS] Found ID: 34506575725319426
[FEEDING PARSER]...
[EVENT] ID: undefined, Type: 2001, Data Snippet: {"event_data":"{\"message\":{\"content_type\":2001,\"content\":\"{\\\"text\\\":\\\"下\\\"}\",\"id\":\"3b1f1591-ad36-459c-a00a-b92797a3068f\"},\"message...
[EVENT] ID: undefined, Type: 2001, Data Snippet: {"event_data":"{\"message\":{\"content_type\":2001,\"content\":\"{\\\"text\\\":\\\"的\\\"}\",\"id\":\"3b1f1591-ad36-459c-a00a-b92797a3068f\"},\"message...
[EVENT] ID: undefined, Type: 2001, Data Snippet: {"event_data":"{\"message\":{\"content_type\":2001,\"content\":\"{\\\"text\\\":\\\"高清\\\"}\",\"id\":\"3b1f1591-ad36-459c-a00a-b92797a3068f\"},\"messag...
[RAW CHUNK RECEIVED] len=566, content=data: {"event_data":"{\"message\":{\"content_type\":2001,\"content\":\"{\\\"text\\\":\\\"电影\\\"}\",\"id\":\"3b1f1591-ad36-459c-a00a-b92797a3068f\"},\"message_id\":\"34503202769325314\",\"local_message_id\":\"56bbd400-e5a5-11f0-9a5a-d3f415ff2171\",\"conversation_id\":\"34506575725319426\",\"local_conversation_id\":\"local_2044614433538239\",\"section_id\":\"34506575725319682\",\"reply_id\":\"34503202769325058\",\"is_delta\":true,\"status\":4,\"input_content_type\":2020,\"message_index\":2,\"bot_id\":\"7338286299411103781\"}","event_id":"17","event_type":2001}


[REGEX MATCH SUCCESS] Found ID: 34506575725319426
[FEEDING PARSER]...
[EVENT] ID: undefined, Type: 2001, Data Snippet: {"event_data":"{\"message\":{\"content_type\":2001,\"content\":\"{\\\"text\\\":\\\"电影\\\"}\",\"id\":\"3b1f1591-ad36-459c-a00a-b92797a3068f\"},\"messag...
[RAW CHUNK RECEIVED] len=565, content=data: {"event_data":"{\"message\":{\"content_type\":2001,\"content\":\"{\\\"text\\\":\\\"感\\\"}\",\"id\":\"3b1f1591-ad36-459c-a00a-b92797a3068f\"},\"message_id\":\"34503202769325314\",\"local_message_id\":\"56bbd400-e5a5-11f0-9a5a-d3f415ff2171\",\"conversation_id\":\"34506575725319426\",\"local_conversation_id\":\"local_2044614433538239\",\"section_id\":\"34506575725319682\",\"reply_id\":\"34503202769325058\",\"is_delta\":true,\"status\":4,\"input_content_type\":2020,\"message_index\":2,\"bot_id\":\"7338286299411103781\"}","event_id":"18","event_type":2001}


[REGEX MATCH SUCCESS] Found ID: 34506575725319426
[FEEDING PARSER]...
[EVENT] ID: undefined, Type: 2001, Data Snippet: {"event_data":"{\"message\":{\"content_type\":2001,\"content\":\"{\\\"text\\\":\\\"感\\\"}\",\"id\":\"3b1f1591-ad36-459c-a00a-b92797a3068f\"},\"message...
[RAW CHUNK RECEIVED] len=566, content=data: {"event_data":"{\"message\":{\"content_type\":2001,\"content\":\"{\\\"text\\\":\\\"视频\\\"}\",\"id\":\"3b1f1591-ad36-459c-a00a-b92797a3068f\"},\"message_id\":\"34503202769325314\",\"local_message_id\":\"56bbd400-e5a5-11f0-9a5a-d3f415ff2171\",\"conversation_id\":\"34506575725319426\",\"local_conversation_id\":\"local_2044614433538239\",\"section_id\":\"34506575725319682\",\"reply_id\":\"34503202769325058\",\"is_delta\":true,\"status\":4,\"input_content_type\":2020,\"message_index\":2,\"bot_id\":\"7338286299411103781\"}","event_id":"19","event_type":2001}


[REGEX MATCH SUCCESS] Found ID: 34506575725319426
[FEEDING PARSER]...
[EVENT] ID: undefined, Type: 2001, Data Snippet: {"event_data":"{\"message\":{\"content_type\":2001,\"content\":\"{\\\"text\\\":\\\"视频\\\"}\",\"id\":\"3b1f1591-ad36-459c-a00a-b92797a3068f\"},\"messag...
[RAW CHUNK RECEIVED] len=565, content=data: {"event_data":"{\"message\":{\"content_type\":2001,\"content\":\"{\\\"text\\\":\\\"。\\\"}\",\"id\":\"3b1f1591-ad36-459c-a00a-b92797a3068f\"},\"message_id\":\"34503202769325314\",\"local_message_id\":\"56bbd400-e5a5-11f0-9a5a-d3f415ff2171\",\"conversation_id\":\"34506575725319426\",\"local_conversation_id\":\"local_2044614433538239\",\"section_id\":\"34506575725319682\",\"reply_id\":\"34503202769325058\",\"is_delta\":true,\"status\":4,\"input_content_type\":2020,\"message_index\":2,\"bot_id\":\"7338286299411103781\"}","event_id":"20","event_type":2001}


[REGEX MATCH SUCCESS] Found ID: 34506575725319426
[FEEDING PARSER]...
[EVENT] ID: undefined, Type: 2001, Data Snippet: {"event_data":"{\"message\":{\"content_type\":2001,\"content\":\"{\\\"text\\\":\\\"。\\\"}\",\"id\":\"3b1f1591-ad36-459c-a00a-b92797a3068f\"},\"message...
[RAW CHUNK RECEIVED] len=574, content=data: {"event_data":"{\"message\":{\"content_type\":2001,\"content\":\"{\\\"text\\\":\\\"\\\\n\\\\n\\\"}\",\"id\":\"3b1f1591-ad36-459c-a00a-b92797a3068f\"},\"message_id\":\"34503202769325314\",\"local_message_id\":\"56bbd400-e5a5-11f0-9a5a-d3f415ff2171\",\"conversation_id\":\"34506575725319426\",\"local_conversation_id\":\"local_2044614433538239\",\"section_id\":\"34506575725319682\",\"reply_id\":\"34503202769325058\",\"is_delta\":true,\"status\":4,\"input_content_type\":2020,\"message_index\":2,\"bot_id\":\"7338286299411103781\"}","event_id":"21","event_type":2001}


[REGEX MATCH SUCCESS] Found ID: 34506575725319426
[FEEDING PARSER]...
[EVENT] ID: undefined, Type: 2001, Data Snippet: {"event_data":"{\"message\":{\"content_type\":2001,\"content\":\"{\\\"text\\\":\\\"\\\\n\\\\n\\\"}\",\"id\":\"3b1f1591-ad36-459c-a00a-b92797a3068f\"},...
[RAW CHUNK RECEIVED] len=606, content=data: {"event_data":"{\"message\":{\"content_type\":2001,\"content\":\"{\\\"text\\\":\\\"视频生成大约需要1-3分钟，生成好后我会主动发送给你，今日剩余 9 个视频生成额度。\\\"}\",\"id\":\"3b1f1591-ad36-459c-a00a-b92797a3068f\"},\"message_id\":\"34503202769325314\",\"local_message_id\":\"56bbd400-e5a5-11f0-9a5a-d3f415ff2171\",\"conversation_id\":\"34506575725319426\",\"local_conversation_id\":\"local_2044614433538239\",\"section_id\":\"34506575725319682\",\"reply_id\":\"34503202769325058\",\"is_delta\":true,\"status\":4,\"input_content_type\":2020,\"message_index\":2,\"bot_id\":\"7338286299411103781\"}","event_id":"22","event_type":2001}


[REGEX MATCH SUCCESS] Found ID: 34506575725319426
[FEEDING PARSER]...
[EVENT] ID: undefined, Type: 2001, Data Snippet: {"event_data":"{\"message\":{\"content_type\":2001,\"content\":\"{\\\"text\\\":\\\"视频生成大约需要1-3分钟，生成好后我会主动发送给你，今日剩余 9 个视频生成额度。\\\"}\",\"id\":\"3b1f1591...
[RAW CHUNK RECEIVED] len=689, content=data: {"event_data":"{\"message\":{\"content_type\":2001,\"content\":\"{}\",\"id\":\"3b1f1591-ad36-459c-a00a-b92797a3068f\"},\"message_id\":\"34503202769325314\",\"local_message_id\":\"56bbd400-e5a5-11f0-9a5a-d3f415ff2171\",\"conversation_id\":\"34506575725319426\",\"local_conversation_id\":\"local_2044614433538239\",\"section_id\":\"34506575725319682\",\"reply_id\":\"34503202769325058\",\"is_delta\":true,\"status\":1,\"is_finish\":true,\"message_action_bar\":{},\"input_content_type\":2020,\"message_index\":2,\"bot_id\":\"7338286299411103781\",\"tts_content\":\"我将按照你的需求生成一段海浪拍打沙滩、夕阳西下的高清电影感视频。\\n\\n视频生成大约需要1-3分钟，生成好后我会主动发送给你，今日剩余 9 个视频生成额度。\"}","event_id":"23","event_type":2001}


[REGEX MATCH SUCCESS] Found ID: 34506575725319426
[FEEDING PARSER]...
[EVENT] ID: undefined, Type: 2001, Data Snippet: {"event_data":"{\"message\":{\"content_type\":2001,\"content\":\"{}\",\"id\":\"3b1f1591-ad36-459c-a00a-b92797a3068f\"},\"message_id\":\"34503202769325...
[FINALIZE] Final ID: 34506575725319426, Videos Count: 0
[RAW CHUNK RECEIVED] len=61, content=data: {"event_data":"{}","event_id":"24","event_type":2003}


[REGEX MATCH FAIL] This chunk contains no ID
[FEEDING PARSER]...
[STREAM CLOSED]
[FINALIZE] Final ID: 34506575725319426, Videos Count: 0


--- [2026-01-11T01:50:34.274Z] NEW STREAM START ---
[RAW CHUNK RECEIVED] len=334, content=data: {"event_data":"{\"message_id\":\"35527194531234306\",\"local_message_id\":\"eae537f0-ee8f-11f0-b3ac-9127bc14913c\",\"conversation_id\":\"35528689845595138\",\"local_conversation_id\":\"local_2659681546222914\",\"section_id\":\"35528689845595394\",\"message_index\":1,\"conversation_type\":5}","event_id":"0","event_type":2002}


[REGEX MATCH SUCCESS] Found ID: 35528689845595138
[FEEDING PARSER]...
[EVENT] ID: undefined, Type: other, Data Snippet: {"event_data":"{\"message_id\":\"35527194531234306\",\"local_message_id\":\"eae537f0-ee8f-11f0-b3ac-9127bc14913c\",\"conversation_id\":\"3552868984559...
[RAW CHUNK RECEIVED] len=6, content=data: 
[REGEX MATCH FAIL] This chunk contains no ID
[FEEDING PARSER]...
[RAW CHUNK RECEIVED] len=1123, content={"event_data":"{\"message\":{\"content_type\":2001,\"content\":\"{\\\"text\\\":\\\"我\\\"}\",\"id\":\"e9687cb0-db38-4cd4-8d7b-5a4a55800e03\"},\"message_id\":\"35527194531234562\",\"local_message_id\":\"eae537f0-ee8f-11f0-b3ac-9127bc14913c\",\"conversation_id\":\"35528689845595138\",\"local_conversation_id\":\"local_2659681546222914\",\"section_id\":\"35528689845595394\",\"reply_id\":\"35527194531234306\",\"is_delta\":true,\"status\":4,\"input_content_type\":2020,\"message_index\":2,\"bot_id\":\"7338286299411103781\"}","event_id":"1","event_type":2001}

data: {"event_data":"{\"message\":{\"content_type\":2001,\"content\":\"{\\\"text\\\":\\\"现在\\\"}\",\"id\":\"e9687cb0-db38-4cd4-8d7b-5a4a55800e03\"},\"message_id\":\"35527194531234562\",\"local_message_id\":\"eae537f0-ee8f-11f0-b3ac-9127bc14913c\",\"conversation_id\":\"35528689845595138\",\"local_conversation_id\":\"local_2659681546222914\",\"section_id\":\"35528689845595394\",\"reply_id\":\"35527194531234306\",\"is_delta\":true,\"status\":4,\"input_content_type\":2020,\"message_index\":2,\"bot_id\":\"7338286299411103781\"}","event_id":"2","event_type":2001}


[REGEX MATCH SUCCESS] Found ID: 35528689845595138
[FEEDING PARSER]...
[EVENT] ID: undefined, Type: 2001, Data Snippet: {"event_data":"{\"message\":{\"content_type\":2001,\"content\":\"{\\\"text\\\":\\\"我\\\"}\",\"id\":\"e9687cb0-db38-4cd4-8d7b-5a4a55800e03\"},\"message...
[EVENT] ID: undefined, Type: 2001, Data Snippet: {"event_data":"{\"message\":{\"content_type\":2001,\"content\":\"{\\\"text\\\":\\\"现在\\\"}\",\"id\":\"e9687cb0-db38-4cd4-8d7b-5a4a55800e03\"},\"messag...
[RAW CHUNK RECEIVED] len=564, content=data: {"event_data":"{\"message\":{\"content_type\":2001,\"content\":\"{\\\"text\\\":\\\"要\\\"}\",\"id\":\"e9687cb0-db38-4cd4-8d7b-5a4a55800e03\"},\"message_id\":\"35527194531234562\",\"local_message_id\":\"eae537f0-ee8f-11f0-b3ac-9127bc14913c\",\"conversation_id\":\"35528689845595138\",\"local_conversation_id\":\"local_2659681546222914\",\"section_id\":\"35528689845595394\",\"reply_id\":\"35527194531234306\",\"is_delta\":true,\"status\":4,\"input_content_type\":2020,\"message_index\":2,\"bot_id\":\"7338286299411103781\"}","event_id":"3","event_type":2001}


[REGEX MATCH SUCCESS] Found ID: 35528689845595138
[FEEDING PARSER]...
[EVENT] ID: undefined, Type: 2001, Data Snippet: {"event_data":"{\"message\":{\"content_type\":2001,\"content\":\"{\\\"text\\\":\\\"要\\\"}\",\"id\":\"e9687cb0-db38-4cd4-8d7b-5a4a55800e03\"},\"message...
[RAW CHUNK RECEIVED] len=1693, content=data: {"event_data":"{\"message\":{\"content_type\":2001,\"content\":\"{\\\"text\\\":\\\"为\\\"}\",\"id\":\"e9687cb0-db38-4cd4-8d7b-5a4a55800e03\"},\"message_id\":\"35527194531234562\",\"local_message_id\":\"eae537f0-ee8f-11f0-b3ac-9127bc14913c\",\"conversation_id\":\"35528689845595138\",\"local_conversation_id\":\"local_2659681546222914\",\"section_id\":\"35528689845595394\",\"reply_id\":\"35527194531234306\",\"is_delta\":true,\"status\":4,\"input_content_type\":2020,\"message_index\":2,\"bot_id\":\"7338286299411103781\"}","event_id":"4","event_type":2001}

data: {"event_data":"{\"message\":{\"content_type\":2001,\"content\":\"{\\\"text\\\":\\\"你\\\"}\",\"id\":\"e9687cb0-db38-4cd4-8d7b-5a4a55800e03\"},\"message_id\":\"35527194531234562\",\"local_message_id\":\"eae537f0-ee8f-11f0-b3ac-9127bc14913c\",\"conversation_id\":\"35528689845595138\",\"local_conversation_id\":\"local_2659681546222914\",\"section_id\":\"35528689845595394\",\"reply_id\":\"35527194531234306\",\"is_delta\":true,\"status\":4,\"input_content_type\":2020,\"message_index\":2,\"bot_id\":\"7338286299411103781\"}","event_id":"5","event_type":2001}

data: {"event_data":"{\"message\":{\"content_type\":2001,\"content\":\"{\\\"text\\\":\\\"生成\\\"}\",\"id\":\"e9687cb0-db38-4cd4-8d7b-5a4a55800e03\"},\"message_id\":\"35527194531234562\",\"local_message_id\":\"eae537f0-ee8f-11f0-b3ac-9127bc14913c\",\"conversation_id\":\"35528689845595138\",\"local_conversation_id\":\"local_2659681546222914\",\"section_id\":\"35528689845595394\",\"reply_id\":\"35527194531234306\",\"is_delta\":true,\"status\":4,\"input_content_type\":2020,\"message_index\":2,\"bot_id\":\"7338286299411103781\"}","event_id":"6","event_type":2001}


[REGEX MATCH SUCCESS] Found ID: 35528689845595138
[FEEDING PARSER]...
[EVENT] ID: undefined, Type: 2001, Data Snippet: {"event_data":"{\"message\":{\"content_type\":2001,\"content\":\"{\\\"text\\\":\\\"为\\\"}\",\"id\":\"e9687cb0-db38-4cd4-8d7b-5a4a55800e03\"},\"message...
[EVENT] ID: undefined, Type: 2001, Data Snippet: {"event_data":"{\"message\":{\"content_type\":2001,\"content\":\"{\\\"text\\\":\\\"你\\\"}\",\"id\":\"e9687cb0-db38-4cd4-8d7b-5a4a55800e03\"},\"message...
[EVENT] ID: undefined, Type: 2001, Data Snippet: {"event_data":"{\"message\":{\"content_type\":2001,\"content\":\"{\\\"text\\\":\\\"生成\\\"}\",\"id\":\"e9687cb0-db38-4cd4-8d7b-5a4a55800e03\"},\"messag...
[RAW CHUNK RECEIVED] len=565, content=data: {"event_data":"{\"message\":{\"content_type\":2001,\"content\":\"{\\\"text\\\":\\\"一个\\\"}\",\"id\":\"e9687cb0-db38-4cd4-8d7b-5a4a55800e03\"},\"message_id\":\"35527194531234562\",\"local_message_id\":\"eae537f0-ee8f-11f0-b3ac-9127bc14913c\",\"conversation_id\":\"35528689845595138\",\"local_conversation_id\":\"local_2659681546222914\",\"section_id\":\"35528689845595394\",\"reply_id\":\"35527194531234306\",\"is_delta\":true,\"status\":4,\"input_content_type\":2020,\"message_index\":2,\"bot_id\":\"7338286299411103781\"}","event_id":"7","event_type":2001}


[REGEX MATCH SUCCESS] Found ID: 35528689845595138
[FEEDING PARSER]...
[EVENT] ID: undefined, Type: 2001, Data Snippet: {"event_data":"{\"message\":{\"content_type\":2001,\"content\":\"{\\\"text\\\":\\\"一个\\\"}\",\"id\":\"e9687cb0-db38-4cd4-8d7b-5a4a55800e03\"},\"messag...
[RAW CHUNK RECEIVED] len=565, content=data: {"event_data":"{\"message\":{\"content_type\":2001,\"content\":\"{\\\"text\\\":\\\"海浪\\\"}\",\"id\":\"e9687cb0-db38-4cd4-8d7b-5a4a55800e03\"},\"message_id\":\"35527194531234562\",\"local_message_id\":\"eae537f0-ee8f-11f0-b3ac-9127bc14913c\",\"conversation_id\":\"35528689845595138\",\"local_conversation_id\":\"local_2659681546222914\",\"section_id\":\"35528689845595394\",\"reply_id\":\"35527194531234306\",\"is_delta\":true,\"status\":4,\"input_content_type\":2020,\"message_index\":2,\"bot_id\":\"7338286299411103781\"}","event_id":"8","event_type":2001}


[REGEX MATCH SUCCESS] Found ID: 35528689845595138
[FEEDING PARSER]...
[EVENT] ID: undefined, Type: 2001, Data Snippet: {"event_data":"{\"message\":{\"content_type\":2001,\"content\":\"{\\\"text\\\":\\\"海浪\\\"}\",\"id\":\"e9687cb0-db38-4cd4-8d7b-5a4a55800e03\"},\"messag...
[RAW CHUNK RECEIVED] len=565, content=data: {"event_data":"{\"message\":{\"content_type\":2001,\"content\":\"{\\\"text\\\":\\\"拍打\\\"}\",\"id\":\"e9687cb0-db38-4cd4-8d7b-5a4a55800e03\"},\"message_id\":\"35527194531234562\",\"local_message_id\":\"eae537f0-ee8f-11f0-b3ac-9127bc14913c\",\"conversation_id\":\"35528689845595138\",\"local_conversation_id\":\"local_2659681546222914\",\"section_id\":\"35528689845595394\",\"reply_id\":\"35527194531234306\",\"is_delta\":true,\"status\":4,\"input_content_type\":2020,\"message_index\":2,\"bot_id\":\"7338286299411103781\"}","event_id":"9","event_type":2001}


[REGEX MATCH SUCCESS] Found ID: 35528689845595138
[FEEDING PARSER]...
[EVENT] ID: undefined, Type: 2001, Data Snippet: {"event_data":"{\"message\":{\"content_type\":2001,\"content\":\"{\\\"text\\\":\\\"拍打\\\"}\",\"id\":\"e9687cb0-db38-4cd4-8d7b-5a4a55800e03\"},\"messag...
[RAW CHUNK RECEIVED] len=566, content=data: {"event_data":"{\"message\":{\"content_type\":2001,\"content\":\"{\\\"text\\\":\\\"沙滩\\\"}\",\"id\":\"e9687cb0-db38-4cd4-8d7b-5a4a55800e03\"},\"message_id\":\"35527194531234562\",\"local_message_id\":\"eae537f0-ee8f-11f0-b3ac-9127bc14913c\",\"conversation_id\":\"35528689845595138\",\"local_conversation_id\":\"local_2659681546222914\",\"section_id\":\"35528689845595394\",\"reply_id\":\"35527194531234306\",\"is_delta\":true,\"status\":4,\"input_content_type\":2020,\"message_index\":2,\"bot_id\":\"7338286299411103781\"}","event_id":"10","event_type":2001}


[REGEX MATCH SUCCESS] Found ID: 35528689845595138
[FEEDING PARSER]...
[EVENT] ID: undefined, Type: 2001, Data Snippet: {"event_data":"{\"message\":{\"content_type\":2001,\"content\":\"{\\\"text\\\":\\\"沙滩\\\"}\",\"id\":\"e9687cb0-db38-4cd4-8d7b-5a4a55800e03\"},\"messag...
[RAW CHUNK RECEIVED] len=565, content=data: {"event_data":"{\"message\":{\"content_type\":2001,\"content\":\"{\\\"text\\\":\\\"、\\\"}\",\"id\":\"e9687cb0-db38-4cd4-8d7b-5a4a55800e03\"},\"message_id\":\"35527194531234562\",\"local_message_id\":\"eae537f0-ee8f-11f0-b3ac-9127bc14913c\",\"conversation_id\":\"35528689845595138\",\"local_conversation_id\":\"local_2659681546222914\",\"section_id\":\"35528689845595394\",\"reply_id\":\"35527194531234306\",\"is_delta\":true,\"status\":4,\"input_content_type\":2020,\"message_index\":2,\"bot_id\":\"7338286299411103781\"}","event_id":"11","event_type":2001}


[REGEX MATCH SUCCESS] Found ID: 35528689845595138
[FEEDING PARSER]...
[EVENT] ID: undefined, Type: 2001, Data Snippet: {"event_data":"{\"message\":{\"content_type\":2001,\"content\":\"{\\\"text\\\":\\\"、\\\"}\",\"id\":\"e9687cb0-db38-4cd4-8d7b-5a4a55800e03\"},\"message...
[RAW CHUNK RECEIVED] len=566, content=data: {"event_data":"{\"message\":{\"content_type\":2001,\"content\":\"{\\\"text\\\":\\\"夕阳\\\"}\",\"id\":\"e9687cb0-db38-4cd4-8d7b-5a4a55800e03\"},\"message_id\":\"35527194531234562\",\"local_message_id\":\"eae537f0-ee8f-11f0-b3ac-9127bc14913c\",\"conversation_id\":\"35528689845595138\",\"local_conversation_id\":\"local_2659681546222914\",\"section_id\":\"35528689845595394\",\"reply_id\":\"35527194531234306\",\"is_delta\":true,\"status\":4,\"input_content_type\":2020,\"message_index\":2,\"bot_id\":\"7338286299411103781\"}","event_id":"12","event_type":2001}


[REGEX MATCH SUCCESS] Found ID: 35528689845595138
[FEEDING PARSER]...
[EVENT] ID: undefined, Type: 2001, Data Snippet: {"event_data":"{\"message\":{\"content_type\":2001,\"content\":\"{\\\"text\\\":\\\"夕阳\\\"}\",\"id\":\"e9687cb0-db38-4cd4-8d7b-5a4a55800e03\"},\"messag...
[RAW CHUNK RECEIVED] len=565, content=data: {"event_data":"{\"message\":{\"content_type\":2001,\"content\":\"{\\\"text\\\":\\\"西\\\"}\",\"id\":\"e9687cb0-db38-4cd4-8d7b-5a4a55800e03\"},\"message_id\":\"35527194531234562\",\"local_message_id\":\"eae537f0-ee8f-11f0-b3ac-9127bc14913c\",\"conversation_id\":\"35528689845595138\",\"local_conversation_id\":\"local_2659681546222914\",\"section_id\":\"35528689845595394\",\"reply_id\":\"35527194531234306\",\"is_delta\":true,\"status\":4,\"input_content_type\":2020,\"message_index\":2,\"bot_id\":\"7338286299411103781\"}","event_id":"13","event_type":2001}


[REGEX MATCH SUCCESS] Found ID: 35528689845595138
[FEEDING PARSER]...
[EVENT] ID: undefined, Type: 2001, Data Snippet: {"event_data":"{\"message\":{\"content_type\":2001,\"content\":\"{\\\"text\\\":\\\"西\\\"}\",\"id\":\"e9687cb0-db38-4cd4-8d7b-5a4a55800e03\"},\"message...
[RAW CHUNK RECEIVED] len=1130, content=data: {"event_data":"{\"message\":{\"content_type\":2001,\"content\":\"{\\\"text\\\":\\\"下\\\"}\",\"id\":\"e9687cb0-db38-4cd4-8d7b-5a4a55800e03\"},\"message_id\":\"35527194531234562\",\"local_message_id\":\"eae537f0-ee8f-11f0-b3ac-9127bc14913c\",\"conversation_id\":\"35528689845595138\",\"local_conversation_id\":\"local_2659681546222914\",\"section_id\":\"35528689845595394\",\"reply_id\":\"35527194531234306\",\"is_delta\":true,\"status\":4,\"input_content_type\":2020,\"message_index\":2,\"bot_id\":\"7338286299411103781\"}","event_id":"14","event_type":2001}

data: {"event_data":"{\"message\":{\"content_type\":2001,\"content\":\"{\\\"text\\\":\\\"的\\\"}\",\"id\":\"e9687cb0-db38-4cd4-8d7b-5a4a55800e03\"},\"message_id\":\"35527194531234562\",\"local_message_id\":\"eae537f0-ee8f-11f0-b3ac-9127bc14913c\",\"conversation_id\":\"35528689845595138\",\"local_conversation_id\":\"local_2659681546222914\",\"section_id\":\"35528689845595394\",\"reply_id\":\"35527194531234306\",\"is_delta\":true,\"status\":4,\"input_content_type\":2020,\"message_index\":2,\"bot_id\":\"7338286299411103781\"}","event_id":"15","event_type":2001}


[REGEX MATCH SUCCESS] Found ID: 35528689845595138
[FEEDING PARSER]...
[EVENT] ID: undefined, Type: 2001, Data Snippet: {"event_data":"{\"message\":{\"content_type\":2001,\"content\":\"{\\\"text\\\":\\\"下\\\"}\",\"id\":\"e9687cb0-db38-4cd4-8d7b-5a4a55800e03\"},\"message...
[EVENT] ID: undefined, Type: 2001, Data Snippet: {"event_data":"{\"message\":{\"content_type\":2001,\"content\":\"{\\\"text\\\":\\\"的\\\"}\",\"id\":\"e9687cb0-db38-4cd4-8d7b-5a4a55800e03\"},\"message...
[RAW CHUNK RECEIVED] len=566, content=data: {"event_data":"{\"message\":{\"content_type\":2001,\"content\":\"{\\\"text\\\":\\\"视频\\\"}\",\"id\":\"e9687cb0-db38-4cd4-8d7b-5a4a55800e03\"},\"message_id\":\"35527194531234562\",\"local_message_id\":\"eae537f0-ee8f-11f0-b3ac-9127bc14913c\",\"conversation_id\":\"35528689845595138\",\"local_conversation_id\":\"local_2659681546222914\",\"section_id\":\"35528689845595394\",\"reply_id\":\"35527194531234306\",\"is_delta\":true,\"status\":4,\"input_content_type\":2020,\"message_index\":2,\"bot_id\":\"7338286299411103781\"}","event_id":"16","event_type":2001}


[REGEX MATCH SUCCESS] Found ID: 35528689845595138
[FEEDING PARSER]...
[EVENT] ID: undefined, Type: 2001, Data Snippet: {"event_data":"{\"message\":{\"content_type\":2001,\"content\":\"{\\\"text\\\":\\\"视频\\\"}\",\"id\":\"e9687cb0-db38-4cd4-8d7b-5a4a55800e03\"},\"messag...
[RAW CHUNK RECEIVED] len=565, content=data: {"event_data":"{\"message\":{\"content_type\":2001,\"content\":\"{\\\"text\\\":\\\"。\\\"}\",\"id\":\"e9687cb0-db38-4cd4-8d7b-5a4a55800e03\"},\"message_id\":\"35527194531234562\",\"local_message_id\":\"eae537f0-ee8f-11f0-b3ac-9127bc14913c\",\"conversation_id\":\"35528689845595138\",\"local_conversation_id\":\"local_2659681546222914\",\"section_id\":\"35528689845595394\",\"reply_id\":\"35527194531234306\",\"is_delta\":true,\"status\":4,\"input_content_type\":2020,\"message_index\":2,\"bot_id\":\"7338286299411103781\"}","event_id":"17","event_type":2001}


[REGEX MATCH SUCCESS] Found ID: 35528689845595138
[FEEDING PARSER]...
[EVENT] ID: undefined, Type: 2001, Data Snippet: {"event_data":"{\"message\":{\"content_type\":2001,\"content\":\"{\\\"text\\\":\\\"。\\\"}\",\"id\":\"e9687cb0-db38-4cd4-8d7b-5a4a55800e03\"},\"message...
[RAW CHUNK RECEIVED] len=572, content=data: {"event_data":"{\"message\":{\"content_type\":2001,\"content\":\"{\\\"text\\\":\\\"\\\\n\\\\n\\\"}\",\"id\":\"e9687cb0-db38-4cd4-8d7b-5a4a55800e03\"},\"message_id\":\"35527194531234562\",\"local_message_id\":\"eae537f0-ee8f-11f0-b3ac-9127bc14913c\",\"conversation_id\":\"35528689845595138\",\"local_conversation_id\":\"local_2659681546222914\",\"section_id\":\"35528689845595394\",\"reply_id\":\"35527194531234306\",\"is_delta\":true,\"status\":4,\"input_content_type\":2020,\"message_index\":2,\"bot_id\":\"7338286299411103781\"}","event_id":"18","event_type":2001}
[REGEX MATCH SUCCESS] Found ID: 35528689845595138
[FEEDING PARSER]...
[RAW CHUNK RECEIVED] len=2, content=


[REGEX MATCH FAIL] This chunk contains no ID
[FEEDING PARSER]...
[EVENT] ID: undefined, Type: 2001, Data Snippet: {"event_data":"{\"message\":{\"content_type\":2001,\"content\":\"{\\\"text\\\":\\\"\\\\n\\\\n\\\"}\",\"id\":\"e9687cb0-db38-4cd4-8d7b-5a4a55800e03\"},...
[RAW CHUNK RECEIVED] len=606, content=data: {"event_data":"{\"message\":{\"content_type\":2001,\"content\":\"{\\\"text\\\":\\\"视频生成大约需要1-3分钟，生成好后我会主动发送给你，今日剩余 9 个视频生成额度。\\\"}\",\"id\":\"e9687cb0-db38-4cd4-8d7b-5a4a55800e03\"},\"message_id\":\"35527194531234562\",\"local_message_id\":\"eae537f0-ee8f-11f0-b3ac-9127bc14913c\",\"conversation_id\":\"35528689845595138\",\"local_conversation_id\":\"local_2659681546222914\",\"section_id\":\"35528689845595394\",\"reply_id\":\"35527194531234306\",\"is_delta\":true,\"status\":4,\"input_content_type\":2020,\"message_index\":2,\"bot_id\":\"7338286299411103781\"}","event_id":"19","event_type":2001}


[REGEX MATCH SUCCESS] Found ID: 35528689845595138
[FEEDING PARSER]...
[EVENT] ID: undefined, Type: 2001, Data Snippet: {"event_data":"{\"message\":{\"content_type\":2001,\"content\":\"{\\\"text\\\":\\\"视频生成大约需要1-3分钟，生成好后我会主动发送给你，今日剩余 9 个视频生成额度。\\\"}\",\"id\":\"e9687cb0...
[RAW CHUNK RECEIVED] len=682, content=data: {"event_data":"{\"message\":{\"content_type\":2001,\"content\":\"{}\",\"id\":\"e9687cb0-db38-4cd4-8d7b-5a4a55800e03\"},\"message_id\":\"35527194531234562\",\"local_message_id\":\"eae537f0-ee8f-11f0-b3ac-9127bc14913c\",\"conversation_id\":\"35528689845595138\",\"local_conversation_id\":\"local_2659681546222914\",\"section_id\":\"35528689845595394\",\"reply_id\":\"35527194531234306\",\"is_delta\":true,\"status\":1,\"is_finish\":true,\"message_action_bar\":{},\"input_content_type\":2020,\"message_index\":2,\"bot_id\":\"7338286299411103781\",\"tts_content\":\"我现在要为你生成一个海浪拍打沙滩、夕阳西下的视频。\\n\\n视频生成大约需要1-3分钟，生成好后我会主动发送给你，今日剩余 9 个视频生成额度。\"}","event_id":"20","event_type":2001}


[REGEX MATCH SUCCESS] Found ID: 35528689845595138
[FEEDING PARSER]...
[EVENT] ID: undefined, Type: 2001, Data Snippet: {"event_data":"{\"message\":{\"content_type\":2001,\"content\":\"{}\",\"id\":\"e9687cb0-db38-4cd4-8d7b-5a4a55800e03\"},\"message_id\":\"35527194531234...
[FINALIZE] Final ID: 35528689845595138, Videos Count: 0
[RAW CHUNK RECEIVED] len=61, content=data: {"event_data":"{}","event_id":"21","event_type":2003}


[REGEX MATCH FAIL] This chunk contains no ID
[FEEDING PARSER]...
[STREAM CLOSED]
[FINALIZE] Final ID: 35528689845595138, Videos Count: 0


--- [2026-03-17T05:45:20.182Z] NEW STREAM START ---
[RAW CHUNK RECEIVED] len=334, content=data: {"event_data":"{\"message_id\":\"40475619601796866\",\"local_message_id\":\"7b9bc9f0-21c4-11f1-8e1b-b9525c54fdd9\",\"conversation_id\":\"38417356828885506\",\"local_conversation_id\":\"local_2361668351695638\",\"section_id\":\"38417356828885762\",\"message_index\":1,\"conversation_type\":5}","event_id":"0","event_type":2002}


[REGEX MATCH SUCCESS] Found ID: 38417356828885506
[FEEDING PARSER]...
[RAW CHUNK RECEIVED] len=564, content=data: {"event_data":"{\"message\":{\"content_type\":2001,\"content\":\"{\\\"text\\\":\\\"我\\\"}\",\"id\":\"a40a8884-919c-4e74-a35f-760024752ad4\"},\"message_id\":\"40475619601797122\",\"local_message_id\":\"7b9bc9f0-21c4-11f1-8e1b-b9525c54fdd9\",\"conversation_id\":\"38417356828885506\",\"local_conversation_id\":\"local_2361668351695638\",\"section_id\":\"38417356828885762\",\"reply_id\":\"40475619601796866\",\"is_delta\":true,\"status\":4,\"input_content_type\":2020,\"message_index\":2,\"bot_id\":\"7338286299411103781\"}","event_id":"1","event_type":2001}


[REGEX MATCH SUCCESS] Found ID: 38417356828885506
[FEEDING PARSER]...
[RAW CHUNK RECEIVED] len=1128, content=data: {"event_data":"{\"message\":{\"content_type\":2001,\"content\":\"{\\\"text\\\":\\\"将\\\"}\",\"id\":\"a40a8884-919c-4e74-a35f-760024752ad4\"},\"message_id\":\"40475619601797122\",\"local_message_id\":\"7b9bc9f0-21c4-11f1-8e1b-b9525c54fdd9\",\"conversation_id\":\"38417356828885506\",\"local_conversation_id\":\"local_2361668351695638\",\"section_id\":\"38417356828885762\",\"reply_id\":\"40475619601796866\",\"is_delta\":true,\"status\":4,\"input_content_type\":2020,\"message_index\":2,\"bot_id\":\"7338286299411103781\"}","event_id":"2","event_type":2001}

data: {"event_data":"{\"message\":{\"content_type\":2001,\"content\":\"{\\\"text\\\":\\\"为\\\"}\",\"id\":\"a40a8884-919c-4e74-a35f-760024752ad4\"},\"message_id\":\"40475619601797122\",\"local_message_id\":\"7b9bc9f0-21c4-11f1-8e1b-b9525c54fdd9\",\"conversation_id\":\"38417356828885506\",\"local_conversation_id\":\"local_2361668351695638\",\"section_id\":\"38417356828885762\",\"reply_id\":\"40475619601796866\",\"is_delta\":true,\"status\":4,\"input_content_type\":2020,\"message_index\":2,\"bot_id\":\"7338286299411103781\"}","event_id":"3","event_type":2001}


[REGEX MATCH SUCCESS] Found ID: 38417356828885506
[FEEDING PARSER]...
[RAW CHUNK RECEIVED] len=1694, content=data: {"event_data":"{\"message\":{\"content_type\":2001,\"content\":\"{\\\"text\\\":\\\"你\\\"}\",\"id\":\"a40a8884-919c-4e74-a35f-760024752ad4\"},\"message_id\":\"40475619601797122\",\"local_message_id\":\"7b9bc9f0-21c4-11f1-8e1b-b9525c54fdd9\",\"conversation_id\":\"38417356828885506\",\"local_conversation_id\":\"local_2361668351695638\",\"section_id\":\"38417356828885762\",\"reply_id\":\"40475619601796866\",\"is_delta\":true,\"status\":4,\"input_content_type\":2020,\"message_index\":2,\"bot_id\":\"7338286299411103781\"}","event_id":"4","event_type":2001}

data: {"event_data":"{\"message\":{\"content_type\":2001,\"content\":\"{\\\"text\\\":\\\"生成\\\"}\",\"id\":\"a40a8884-919c-4e74-a35f-760024752ad4\"},\"message_id\":\"40475619601797122\",\"local_message_id\":\"7b9bc9f0-21c4-11f1-8e1b-b9525c54fdd9\",\"conversation_id\":\"38417356828885506\",\"local_conversation_id\":\"local_2361668351695638\",\"section_id\":\"38417356828885762\",\"reply_id\":\"40475619601796866\",\"is_delta\":true,\"status\":4,\"input_content_type\":2020,\"message_index\":2,\"bot_id\":\"7338286299411103781\"}","event_id":"5","event_type":2001}

data: {"event_data":"{\"message\":{\"content_type\":2001,\"content\":\"{\\\"text\\\":\\\"一只\\\"}\",\"id\":\"a40a8884-919c-4e74-a35f-760024752ad4\"},\"message_id\":\"40475619601797122\",\"local_message_id\":\"7b9bc9f0-21c4-11f1-8e1b-b9525c54fdd9\",\"conversation_id\":\"38417356828885506\",\"local_conversation_id\":\"local_2361668351695638\",\"section_id\":\"38417356828885762\",\"reply_id\":\"40475619601796866\",\"is_delta\":true,\"status\":4,\"input_content_type\":2020,\"message_index\":2,\"bot_id\":\"7338286299411103781\"}","event_id":"6","event_type":2001}


[REGEX MATCH SUCCESS] Found ID: 38417356828885506
[FEEDING PARSER]...
[RAW CHUNK RECEIVED] len=564, content=data: {"event_data":"{\"message\":{\"content_type\":2001,\"content\":\"{\\\"text\\\":\\\"在\\\"}\",\"id\":\"a40a8884-919c-4e74-a35f-760024752ad4\"},\"message_id\":\"40475619601797122\",\"local_message_id\":\"7b9bc9f0-21c4-11f1-8e1b-b9525c54fdd9\",\"conversation_id\":\"38417356828885506\",\"local_conversation_id\":\"local_2361668351695638\",\"section_id\":\"38417356828885762\",\"reply_id\":\"40475619601796866\",\"is_delta\":true,\"status\":4,\"input_content_type\":2020,\"message_index\":2,\"bot_id\":\"7338286299411103781\"}","event_id":"7","event_type":2001}


[REGEX MATCH SUCCESS] Found ID: 38417356828885506
[FEEDING PARSER]...
[RAW CHUNK RECEIVED] len=1129, content=data: {"event_data":"{\"message\":{\"content_type\":2001,\"content\":\"{\\\"text\\\":\\\"星空\\\"}\",\"id\":\"a40a8884-919c-4e74-a35f-760024752ad4\"},\"message_id\":\"40475619601797122\",\"local_message_id\":\"7b9bc9f0-21c4-11f1-8e1b-b9525c54fdd9\",\"conversation_id\":\"38417356828885506\",\"local_conversation_id\":\"local_2361668351695638\",\"section_id\":\"38417356828885762\",\"reply_id\":\"40475619601796866\",\"is_delta\":true,\"status\":4,\"input_content_type\":2020,\"message_index\":2,\"bot_id\":\"7338286299411103781\"}","event_id":"8","event_type":2001}

data: {"event_data":"{\"message\":{\"content_type\":2001,\"content\":\"{\\\"text\\\":\\\"下\\\"}\",\"id\":\"a40a8884-919c-4e74-a35f-760024752ad4\"},\"message_id\":\"40475619601797122\",\"local_message_id\":\"7b9bc9f0-21c4-11f1-8e1b-b9525c54fdd9\",\"conversation_id\":\"38417356828885506\",\"local_conversation_id\":\"local_2361668351695638\",\"section_id\":\"38417356828885762\",\"reply_id\":\"40475619601796866\",\"is_delta\":true,\"status\":4,\"input_content_type\":2020,\"message_index\":2,\"bot_id\":\"7338286299411103781\"}","event_id":"9","event_type":2001}


[REGEX MATCH SUCCESS] Found ID: 38417356828885506
[FEEDING PARSER]...
[RAW CHUNK RECEIVED] len=566, content=data: {"event_data":"{\"message\":{\"content_type\":2001,\"content\":\"{\\\"text\\\":\\\"奔跑\\\"}\",\"id\":\"a40a8884-919c-4e74-a35f-760024752ad4\"},\"message_id\":\"40475619601797122\",\"local_message_id\":\"7b9bc9f0-21c4-11f1-8e1b-b9525c54fdd9\",\"conversation_id\":\"38417356828885506\",\"local_conversation_id\":\"local_2361668351695638\",\"section_id\":\"38417356828885762\",\"reply_id\":\"40475619601796866\",\"is_delta\":true,\"status\":4,\"input_content_type\":2020,\"message_index\":2,\"bot_id\":\"7338286299411103781\"}","event_id":"10","event_type":2001}


[REGEX MATCH SUCCESS] Found ID: 38417356828885506
[FEEDING PARSER]...
[RAW CHUNK RECEIVED] len=565, content=data: {"event_data":"{\"message\":{\"content_type\":2001,\"content\":\"{\\\"text\\\":\\\"的\\\"}\",\"id\":\"a40a8884-919c-4e74-a35f-760024752ad4\"},\"message_id\":\"40475619601797122\",\"local_message_id\":\"7b9bc9f0-21c4-11f1-8e1b-b9525c54fdd9\",\"conversation_id\":\"38417356828885506\",\"local_conversation_id\":\"local_2361668351695638\",\"section_id\":\"38417356828885762\",\"reply_id\":\"40475619601796866\",\"is_delta\":true,\"status\":4,\"input_content_type\":2020,\"message_index\":2,\"bot_id\":\"7338286299411103781\"}","event_id":"11","event_type":2001}


[REGEX MATCH SUCCESS] Found ID: 38417356828885506
[FEEDING PARSER]...
[RAW CHUNK RECEIVED] len=2262, content=data: {"event_data":"{\"message\":{\"content_type\":2001,\"content\":\"{\\\"text\\\":\\\"赛\\\"}\",\"id\":\"a40a8884-919c-4e74-a35f-760024752ad4\"},\"message_id\":\"40475619601797122\",\"local_message_id\":\"7b9bc9f0-21c4-11f1-8e1b-b9525c54fdd9\",\"conversation_id\":\"38417356828885506\",\"local_conversation_id\":\"local_2361668351695638\",\"section_id\":\"38417356828885762\",\"reply_id\":\"40475619601796866\",\"is_delta\":true,\"status\":4,\"input_content_type\":2020,\"message_index\":2,\"bot_id\":\"7338286299411103781\"}","event_id":"12","event_type":2001}

data: {"event_data":"{\"message\":{\"content_type\":2001,\"content\":\"{\\\"text\\\":\\\"博\\\"}\",\"id\":\"a40a8884-919c-4e74-a35f-760024752ad4\"},\"message_id\":\"40475619601797122\",\"local_message_id\":\"7b9bc9f0-21c4-11f1-8e1b-b9525c54fdd9\",\"conversation_id\":\"38417356828885506\",\"local_conversation_id\":\"local_2361668351695638\",\"section_id\":\"38417356828885762\",\"reply_id\":\"40475619601796866\",\"is_delta\":true,\"status\":4,\"input_content_type\":2020,\"message_index\":2,\"bot_id\":\"7338286299411103781\"}","event_id":"13","event_type":2001}

data: {"event_data":"{\"message\":{\"content_type\":2001,\"content\":\"{\\\"text\\\":\\\"朋克\\\"}\",\"id\":\"a40a8884-919c-4e74-a35f-760024752ad4\"},\"message_id\":\"40475619601797122\",\"local_message_id\":\"7b9bc9f0-21c4-11f1-8e1b-b9525c54fdd9\",\"conversation_id\":\"38417356828885506\",\"local_conversation_id\":\"local_2361668351695638\",\"section_id\":\"38417356828885762\",\"reply_id\":\"40475619601796866\",\"is_delta\":true,\"status\":4,\"input_content_type\":2020,\"message_index\":2,\"bot_id\":\"7338286299411103781\"}","event_id":"14","event_type":2001}

data: {"event_data":"{\"message\":{\"content_type\":2001,\"content\":\"{\\\"text\\\":\\\"风格\\\"}\",\"id\":\"a40a8884-919c-4e74-a35f-760024752ad4\"},\"message_id\":\"40475619601797122\",\"local_message_id\":\"7b9bc9f0-21c4-11f1-8e1b-b9525c54fdd9\",\"conversation_id\":\"38417356828885506\",\"local_conversation_id\":\"local_2361668351695638\",\"section_id\":\"38417356828885762\",\"reply_id\":\"40475619601796866\",\"is_delta\":true,\"status\":4,\"input_content_type\":2020,\"message_index\":2,\"bot_id\":\"7338286299411103781\"}","event_id":"15","event_type":2001}


[REGEX MATCH SUCCESS] Found ID: 38417356828885506
[FEEDING PARSER]...
[RAW CHUNK RECEIVED] len=566, content=data: {"event_data":"{\"message\":{\"content_type\":2001,\"content\":\"{\\\"text\\\":\\\"小狗\\\"}\",\"id\":\"a40a8884-919c-4e74-a35f-760024752ad4\"},\"message_id\":\"40475619601797122\",\"local_message_id\":\"7b9bc9f0-21c4-11f1-8e1b-b9525c54fdd9\",\"conversation_id\":\"38417356828885506\",\"local_conversation_id\":\"local_2361668351695638\",\"section_id\":\"38417356828885762\",\"reply_id\":\"40475619601796866\",\"is_delta\":true,\"status\":4,\"input_content_type\":2020,\"message_index\":2,\"bot_id\":\"7338286299411103781\"}","event_id":"16","event_type":2001}


[REGEX MATCH SUCCESS] Found ID: 38417356828885506
[FEEDING PARSER]...
[RAW CHUNK RECEIVED] len=1258, content=data: {"event_data":"{\"message\":{\"content_type\":2001,\"content\":\"{\\\"text\\\":\\\"的\\\"}\",\"id\":\"a40a8884-919c-4e74-a35f-760024752ad4\"},\"message_id\":\"40475619601797122\",\"local_message_id\":\"7b9bc9f0-21c4-11f1-8e1b-b9525c54fdd9\",\"conversation_id\":\"38417356828885506\",\"local_conversation_id\":\"local_2361668351695638\",\"section_id\":\"38417356828885762\",\"reply_id\":\"40475619601796866\",\"is_delta\":true,\"status\":4,\"input_content_type\":2020,\"message_index\":2,\"bot_id\":\"7338286299411103781\"}","event_id":"17","event_type":2001}

data: {"event_data":"{\"message\":{\"content_type\":2001,\"content\":\"{\\\"text\\\":\\\"视频\\\"}\",\"id\":\"a40a8884-919c-4e74-a35f-760024752ad4\"},\"message_id\":\"40475619601797122\",\"local_message_id\":\"7b9bc9f0-21c4-11f1-8e1b-b9525c54fdd9\",\"conversation_id\":\"38417356828885506\",\"local_conversation_id\":\"local_2361668351695638\",\"section_id\":\"38417356828885762\",\"reply_id\":\"40475619601796866\",\"is_delta\":true,\"status\":4,\"input_content_type\":2020,\"message_index\":2,\"bot_id\":\"7338286299411103781\"}","event_id":"18","event_type":2001}

data: {"event_data":"{\"message\":{\"content_type\":2001,\"content\":\"{\\\"text\\\":\\\"。\\\"}\",\"id\":\"a40a8884-919c-4e74-a
[REGEX MATCH SUCCESS] Found ID: 38417356828885506
[FEEDING PARSER]...
[RAW CHUNK RECEIVED] len=438, content=35f-760024752ad4\"},\"message_id\":\"40475619601797122\",\"local_message_id\":\"7b9bc9f0-21c4-11f1-8e1b-b9525c54fdd9\",\"conversation_id\":\"38417356828885506\",\"local_conversation_id\":\"local_2361668351695638\",\"section_id\":\"38417356828885762\",\"reply_id\":\"40475619601796866\",\"is_delta\":true,\"status\":4,\"input_content_type\":2020,\"message_index\":2,\"bot_id\":\"7338286299411103781\"}","event_id":"19","event_type":2001}


[REGEX MATCH SUCCESS] Found ID: 38417356828885506
[FEEDING PARSER]...
[RAW CHUNK RECEIVED] len=574, content=data: {"event_data":"{\"message\":{\"content_type\":2001,\"content\":\"{\\\"text\\\":\\\"\\\\n\\\\n\\\"}\",\"id\":\"a40a8884-919c-4e74-a35f-760024752ad4\"},\"message_id\":\"40475619601797122\",\"local_message_id\":\"7b9bc9f0-21c4-11f1-8e1b-b9525c54fdd9\",\"conversation_id\":\"38417356828885506\",\"local_conversation_id\":\"local_2361668351695638\",\"section_id\":\"38417356828885762\",\"reply_id\":\"40475619601796866\",\"is_delta\":true,\"status\":4,\"input_content_type\":2020,\"message_index\":2,\"bot_id\":\"7338286299411103781\"}","event_id":"20","event_type":2001}


[REGEX MATCH SUCCESS] Found ID: 38417356828885506
[FEEDING PARSER]...
[RAW CHUNK RECEIVED] len=650, content=data: {"event_data":"{\"message\":{\"content_type\":2001,\"content\":\"{\\\"text\\\":\\\"本次使用 **Seedance 2.0 全能视频模型**生成，将消耗 2 个视频生成额度，预计等待 1-3分钟。视频生成好后，我会及时通知你，今日剩余 6 个视频生成额度。\\\"}\",\"id\":\"a40a8884-919c-4e74-a35f-760024752ad4\"},\"message_id\":\"40475619601797122\",\"local_message_id\":\"7b9bc9f0-21c4-11f1-8e1b-b9525c54fdd9\",\"conversation_id\":\"38417356828885506\",\"local_conversation_id\":\"local_2361668351695638\",\"section_id\":\"38417356828885762\",\"reply_id\":\"40475619601796866\",\"is_delta\":true,\"status\":4,\"input_content_type\":2020,\"message_index\":2,\"bot_id\":\"7338286299411103781\"}","event_id":"21","event_type":2001}


[REGEX MATCH SUCCESS] Found ID: 38417356828885506
[FEEDING PARSER]...
[RAW CHUNK RECEIVED] len=728, content=data: {"event_data":"{\"message\":{\"content_type\":2001,\"content\":\"{}\",\"id\":\"a40a8884-919c-4e74-a35f-760024752ad4\"},\"message_id\":\"40475619601797122\",\"local_message_id\":\"7b9bc9f0-21c4-11f1-8e1b-b9525c54fdd9\",\"conversation_id\":\"38417356828885506\",\"local_conversation_id\":\"local_2361668351695638\",\"section_id\":\"38417356828885762\",\"reply_id\":\"40475619601796866\",\"is_delta\":true,\"status\":1,\"is_finish\":true,\"message_action_bar\":{},\"input_content_type\":2020,\"message_index\":2,\"bot_id\":\"7338286299411103781\",\"tts_content\":\"我将为你生成一只在星空下奔跑的赛博朋克风格小狗的视频。\\n\\n本次使用 **Seedance 2.0 全能视频模型**生成，将消耗 2 个视频生成额度，预计等待 1-3分钟。视频生成好后，我会及时通知你，今日剩余 6 个视频生成额度。\"}","event_id":"22","event_type":2001}


[REGEX MATCH SUCCESS] Found ID: 38417356828885506
[FEEDING PARSER]...
[FINALIZE] Final ID: 38417356828885506, Videos Count: 0
[RAW CHUNK RECEIVED] len=59, content=data: {"event_data":"{}","event_id":"23","event_type":2003}
[REGEX MATCH FAIL] This chunk contains no ID
[FEEDING PARSER]...
[RAW CHUNK RECEIVED] len=2, content=


[REGEX MATCH FAIL] This chunk contains no ID
[FEEDING PARSER]...
[STREAM CLOSED]
[FINALIZE] Final ID: 38417356828885506, Videos Count: 0
